0524test/app/build/intermediates/manifest_merge_blame_file/debug/manifest-merger-blame-debug-report.txt
1<?xml version="1.0" encoding="utf-8"?>
2<manifest xmlns:android="http://schemas.android.com/apk/res/android"
3    package="com.example.accesscall"
4    android:versionCode="1"
5    android:versionName="1.0" >
6
7    <uses-sdk
8        android:minSdkVersion="26"
8-->src\main\AndroidManifest.xml
9        android:targetSdkVersion="33" />
9-->src\main\AndroidManifest.xml
10
11    <!-- 1차 판별 -->
12    <uses-permission android:name="android.permission.READ_PHONE_STATE" />
12-->src\main\AndroidManifest.xml:6:5-75
12-->src\main\AndroidManifest.xml:6:22-72
13    <uses-permission android:name="android.permission.READ_CALL_LOG" />
13-->src\main\AndroidManifest.xml:7:5-71
13-->src\main\AndroidManifest.xml:7:22-69
14    <!-- 2차 판별 -->
15    <uses-permission android:name="android.permission.INTERNET" />
15-->src\main\AndroidManifest.xml:9:5-67
15-->src\main\AndroidManifest.xml:9:22-64
16    <uses-permission android:name="android.permission.FOREGROUND_SERVICE" />
16-->src\main\AndroidManifest.xml:10:5-76
16-->src\main\AndroidManifest.xml:10:22-74
17    <uses-permission android:name="android.permission.VIBRATE" />
17-->src\main\AndroidManifest.xml:11:5-65
17-->src\main\AndroidManifest.xml:11:22-63
18    <!-- 접근성 -->
19    <uses-permission android:name="android.permission.WAKE_LOCK" />
19-->src\main\AndroidManifest.xml:13:5-68
19-->src\main\AndroidManifest.xml:13:22-65
20    <uses-permission android:name="android.permission.DISABLE_KEYGUARD" />
20-->src\main\AndroidManifest.xml:14:5-75
20-->src\main\AndroidManifest.xml:14:22-72
21    <uses-permission android:name="android.permission.SYSTEM_ALERT_WINDOW" />
21-->src\main\AndroidManifest.xml:15:5-78
21-->src\main\AndroidManifest.xml:15:22-75
22    <uses-permission android:name="android.permission.RECORD_AUDIO" />
22-->src\main\AndroidManifest.xml:16:5-71
22-->src\main\AndroidManifest.xml:16:22-68
23    <uses-permission android:name="android.permission.CAPTURE_VIDEO_OUTPUT" />
23-->src\main\AndroidManifest.xml:17:5-18:47
23-->src\main\AndroidManifest.xml:17:22-76
24    <uses-permission android:name="android.permission.READ_PHONE_STATE" />
24-->src\main\AndroidManifest.xml:6:5-75
24-->src\main\AndroidManifest.xml:6:22-72
25    <uses-permission android:name="android.permission.GET_ACCOUNTS" />
25-->src\main\AndroidManifest.xml:20:5-71
25-->src\main\AndroidManifest.xml:20:22-68
26    <uses-permission android:name="android.permission.ACCESS_NETWORK_STATE" />
26-->[com.google.firebase:firebase-inappmessaging-display:20.3.2] AndroidManifest.xml:9:5-79
26-->[com.google.firebase:firebase-inappmessaging-display:20.3.2] AndroidManifest.xml:9:22-76
27
28    <queries>
28-->[com.google.firebase:firebase-inappmessaging-display:20.3.2] AndroidManifest.xml:12:5-18:15
29        <intent>
29-->[com.google.firebase:firebase-inappmessaging-display:20.3.2] AndroidManifest.xml:13:9-17:18
30            <action android:name="android.intent.action.VIEW" />
30-->[com.google.firebase:firebase-inappmessaging-display:20.3.2] AndroidManifest.xml:14:13-65
30-->[com.google.firebase:firebase-inappmessaging-display:20.3.2] AndroidManifest.xml:14:21-62
31
32            <data android:scheme="https" />
32-->[com.google.firebase:firebase-inappmessaging-display:20.3.2] AndroidManifest.xml:16:13-44
32-->[com.google.firebase:firebase-inappmessaging-display:20.3.2] AndroidManifest.xml:16:19-41
33        </intent>
34    </queries>
35
36    <uses-permission android:name="android.permission.POST_NOTIFICATIONS" /> <!-- Required by older versions of Google Play services to create IID tokens -->
36-->[com.google.firebase:firebase-messaging:23.1.2] AndroidManifest.xml:25:5-77
36-->[com.google.firebase:firebase-messaging:23.1.2] AndroidManifest.xml:25:22-74
37    <uses-permission android:name="com.google.android.c2dm.permission.RECEIVE" />
37-->[com.google.firebase:firebase-messaging:23.1.2] AndroidManifest.xml:28:5-82
37-->[com.google.firebase:firebase-messaging:23.1.2] AndroidManifest.xml:28:22-79
38    <uses-permission android:name="com.google.android.gms.permission.AD_ID" />
38-->[com.google.android.gms:play-services-measurement-api:21.2.2] AndroidManifest.xml:25:5-79
38-->[com.google.android.gms:play-services-measurement-api:21.2.2] AndroidManifest.xml:25:22-76
39    <uses-permission android:name="com.google.android.finsky.permission.BIND_GET_INSTALL_REFERRER_SERVICE" />
39-->[com.google.android.gms:play-services-measurement:21.2.2] AndroidManifest.xml:26:5-110
39-->[com.google.android.gms:play-services-measurement:21.2.2] AndroidManifest.xml:26:22-107
40
41    <application
41-->src\main\AndroidManifest.xml:22:5-87:19
42        android:allowBackup="true"
42-->src\main\AndroidManifest.xml:23:9-35
43        android:appComponentFactory="androidx.core.app.CoreComponentFactory"
43-->[androidx.core:core:1.8.0] AndroidManifest.xml:24:18-86
44        android:dataExtractionRules="@xml/data_extraction_rules"
44-->src\main\AndroidManifest.xml:24:9-65
45        android:debuggable="true"
46        android:extractNativeLibs="false"
47        android:fullBackupContent="@xml/backup_rules"
47-->src\main\AndroidManifest.xml:25:9-54
48        android:icon="@mipmap/ic_launcher"
48-->src\main\AndroidManifest.xml:28:9-43
49        android:label="@string/app_name"
49-->src\main\AndroidManifest.xml:29:9-41
50        android:roundIcon="@mipmap/ic_launcher_round"
50-->src\main\AndroidManifest.xml:30:9-54
51        android:supportsRtl="true"
51-->src\main\AndroidManifest.xml:31:9-35
52        android:testOnly="true"
53        android:theme="@style/Theme.AppCompat.Light.NoActionBar"
53-->src\main\AndroidManifest.xml:32:9-65
54        android:usesCleartextTraffic="true" >
54-->src\main\AndroidManifest.xml:26:9-44
55        <receiver
55-->src\main\AndroidManifest.xml:35:9-42:20
56            android:name="com.example.accesscall.CallReceiver"
56-->src\main\AndroidManifest.xml:36:13-41
57            android:enabled="true"
57-->src\main\AndroidManifest.xml:37:13-35
58            android:exported="true" >
58-->src\main\AndroidManifest.xml:38:13-36
59            <intent-filter>
59-->src\main\AndroidManifest.xml:39:13-41:29
60                <action android:name="android.intent.action.PHONE_STATE" />
60-->src\main\AndroidManifest.xml:40:17-76
60-->src\main\AndroidManifest.xml:40:25-73
61            </intent-filter>
62        </receiver>
63
64        <activity
64-->src\main\AndroidManifest.xml:44:9-57:20
65            android:name="com.example.accesscall.MainActivity"
65-->src\main\AndroidManifest.xml:45:13-41
66            android:exported="true"
66-->src\main\AndroidManifest.xml:47:13-36
67            android:screenOrientation="portrait" >
67-->src\main\AndroidManifest.xml:46:13-49
68            <intent-filter>
68-->src\main\AndroidManifest.xml:48:13-52:29
69                <action android:name="android.intent.action.MAIN" />
69-->src\main\AndroidManifest.xml:49:17-69
69-->src\main\AndroidManifest.xml:49:25-66
70
71                <category android:name="android.intent.category.LAUNCHER" />
71-->src\main\AndroidManifest.xml:51:17-77
71-->src\main\AndroidManifest.xml:51:27-74
72            </intent-filter>
73
74            <meta-data
74-->src\main\AndroidManifest.xml:54:13-56:36
75                android:name="android.app.lib_name"
75-->src\main\AndroidManifest.xml:55:17-52
76                android:value="" />
76-->src\main\AndroidManifest.xml:56:17-33
77        </activity>
78
79        <service
79-->src\main\AndroidManifest.xml:59:9-63:74
80            android:name="com.example.accesscall.AlertWindow"
80-->src\main\AndroidManifest.xml:60:13-40
81            android:enabled="true"
81-->src\main\AndroidManifest.xml:61:13-35
82            android:exported="true"
82-->src\main\AndroidManifest.xml:62:13-36
83            android:permission="android.permission.SYSTEM_ALERT_WINDOW" />
83-->src\main\AndroidManifest.xml:63:13-72
84        <service
84-->src\main\AndroidManifest.xml:65:9-76:19
85            android:name="com.example.accesscall.AccessivilityTest"
85-->src\main\AndroidManifest.xml:66:13-46
86            android:exported="true"
86-->src\main\AndroidManifest.xml:69:13-36
87            android:label="@string/accessibility_service_name"
87-->src\main\AndroidManifest.xml:67:13-63
88            android:permission="android.permission.BIND_ACCESSIBILITY_SERVICE" >
88-->src\main\AndroidManifest.xml:68:13-79
89            <intent-filter>
89-->src\main\AndroidManifest.xml:70:13-72:29
90                <action android:name="android.accessibilityservice.AccessibilityService" />
90-->src\main\AndroidManifest.xml:71:17-92
90-->src\main\AndroidManifest.xml:71:25-89
91            </intent-filter>
92
93            <meta-data
93-->src\main\AndroidManifest.xml:73:13-75:72
94                android:name="android.accessibilityservice"
94-->src\main\AndroidManifest.xml:74:17-60
95                android:resource="@xml/accessibility_service_config" />
95-->src\main\AndroidManifest.xml:75:17-69
96        </service>
97        <service
97-->src\main\AndroidManifest.xml:78:9-85:19
98            android:name="com.example.accesscall.MyFirebaseMessagingService"
98-->src\main\AndroidManifest.xml:79:13-54
99            android:directBootAware="true"
99-->src\main\AndroidManifest.xml:81:13-43
100            android:exported="false" >
100-->src\main\AndroidManifest.xml:80:13-37
101            <intent-filter>
101-->src\main\AndroidManifest.xml:82:13-84:29
102                <action android:name="com.google.firebase.MESSAGING_EVENT" />
102-->src\main\AndroidManifest.xml:83:17-78
102-->src\main\AndroidManifest.xml:83:25-75
103            </intent-filter>
104        </service>
105        <service
105-->[com.google.firebase:firebase-inappmessaging-display:20.3.2] AndroidManifest.xml:21:9-27:19
106            android:name="com.google.firebase.components.ComponentDiscoveryService"
106-->[com.google.firebase:firebase-inappmessaging-display:20.3.2] AndroidManifest.xml:22:13-84
107            android:directBootAware="true"
107-->[com.google.firebase:firebase-common:20.3.2] AndroidManifest.xml:34:13-43
108            android:exported="false" >
108-->[com.google.firebase:firebase-inappmessaging-display:20.3.2] AndroidManifest.xml:23:13-37
109            <meta-data
109-->[com.google.firebase:firebase-inappmessaging-display:20.3.2] AndroidManifest.xml:24:13-26:85
110                android:name="com.google.firebase.components:com.google.firebase.inappmessaging.display.FirebaseInAppMessagingDisplayRegistrar"
110-->[com.google.firebase:firebase-inappmessaging-display:20.3.2] AndroidManifest.xml:25:17-144
111                android:value="com.google.firebase.components.ComponentRegistrar" />
111-->[com.google.firebase:firebase-inappmessaging-display:20.3.2] AndroidManifest.xml:26:17-82
112            <meta-data
112-->[com.google.firebase:firebase-messaging:23.1.2] AndroidManifest.xml:55:13-57:85
113                android:name="com.google.firebase.components:com.google.firebase.messaging.FirebaseMessagingRegistrar"
113-->[com.google.firebase:firebase-messaging:23.1.2] AndroidManifest.xml:56:17-119
114                android:value="com.google.firebase.components.ComponentRegistrar" />
114-->[com.google.firebase:firebase-messaging:23.1.2] AndroidManifest.xml:57:17-82
115            <meta-data
115-->[com.google.firebase:firebase-inappmessaging:20.3.2] AndroidManifest.xml:16:13-18:85
116                android:name="com.google.firebase.components:com.google.firebase.inappmessaging.FirebaseInAppMessagingRegistrar"
116-->[com.google.firebase:firebase-inappmessaging:20.3.2] AndroidManifest.xml:17:17-129
117                android:value="com.google.firebase.components.ComponentRegistrar" />
117-->[com.google.firebase:firebase-inappmessaging:20.3.2] AndroidManifest.xml:18:17-82
118            <meta-data
118-->[com.google.firebase:firebase-datatransport:18.1.7] AndroidManifest.xml:27:13-29:85
119                android:name="com.google.firebase.components:com.google.firebase.datatransport.TransportRegistrar"
119-->[com.google.firebase:firebase-datatransport:18.1.7] AndroidManifest.xml:28:17-115
120                android:value="com.google.firebase.components.ComponentRegistrar" />
120-->[com.google.firebase:firebase-datatransport:18.1.7] AndroidManifest.xml:29:17-82
121            <meta-data
121-->[com.google.android.gms:play-services-measurement-api:21.2.2] AndroidManifest.xml:31:13-33:85
122                android:name="com.google.firebase.components:com.google.firebase.analytics.connector.internal.AnalyticsConnectorRegistrar"
122-->[com.google.android.gms:play-services-measurement-api:21.2.2] AndroidManifest.xml:32:17-139
123                android:value="com.google.firebase.components.ComponentRegistrar" />
123-->[com.google.android.gms:play-services-measurement-api:21.2.2] AndroidManifest.xml:33:17-82
124            <meta-data
124-->[com.google.firebase:firebase-installations:17.1.3] AndroidManifest.xml:17:13-19:85
125                android:name="com.google.firebase.components:com.google.firebase.installations.FirebaseInstallationsRegistrar"
125-->[com.google.firebase:firebase-installations:17.1.3] AndroidManifest.xml:18:17-127
126                android:value="com.google.firebase.components.ComponentRegistrar" />
126-->[com.google.firebase:firebase-installations:17.1.3] AndroidManifest.xml:19:17-82
127            <meta-data
127-->[com.google.firebase:firebase-abt:21.1.1] AndroidManifest.xml:12:13-14:85
128                android:name="com.google.firebase.components:com.google.firebase.abt.component.AbtRegistrar"
128-->[com.google.firebase:firebase-abt:21.1.1] AndroidManifest.xml:13:17-109
129                android:value="com.google.firebase.components.ComponentRegistrar" />
129-->[com.google.firebase:firebase-abt:21.1.1] AndroidManifest.xml:14:17-82
130        </service>
131
132        <receiver
132-->[com.google.firebase:firebase-messaging:23.1.2] AndroidManifest.xml:31:9-38:20
133            android:name="com.google.firebase.iid.FirebaseInstanceIdReceiver"
133-->[com.google.firebase:firebase-messaging:23.1.2] AndroidManifest.xml:32:13-78
134            android:exported="true"
134-->[com.google.firebase:firebase-messaging:23.1.2] AndroidManifest.xml:33:13-36
135            android:permission="com.google.android.c2dm.permission.SEND" >
135-->[com.google.firebase:firebase-messaging:23.1.2] AndroidManifest.xml:34:13-73
136            <intent-filter>
136-->[com.google.firebase:firebase-messaging:23.1.2] AndroidManifest.xml:35:13-37:29
137                <action android:name="com.google.android.c2dm.intent.RECEIVE" />
137-->[com.google.firebase:firebase-messaging:23.1.2] AndroidManifest.xml:36:17-81
137-->[com.google.firebase:firebase-messaging:23.1.2] AndroidManifest.xml:36:25-78
138            </intent-filter>
139        </receiver>
140        <!--
141             FirebaseMessagingService performs security checks at runtime,
142             but set to not exported to explicitly avoid allowing another app to call it.
143        -->
144        <service
144-->[com.google.firebase:firebase-messaging:23.1.2] AndroidManifest.xml:44:9-51:19
145            android:name="com.google.firebase.messaging.FirebaseMessagingService"
145-->[com.google.firebase:firebase-messaging:23.1.2] AndroidManifest.xml:45:13-82
146            android:directBootAware="true"
146-->[com.google.firebase:firebase-messaging:23.1.2] AndroidManifest.xml:46:13-43
147            android:exported="false" >
147-->[com.google.firebase:firebase-messaging:23.1.2] AndroidManifest.xml:47:13-37
148            <intent-filter android:priority="-500" >
148-->src\main\AndroidManifest.xml:82:13-84:29
149                <action android:name="com.google.firebase.MESSAGING_EVENT" />
149-->src\main\AndroidManifest.xml:83:17-78
149-->src\main\AndroidManifest.xml:83:25-75
150            </intent-filter>
151        </service>
152        <service
152-->[com.google.android.datatransport:transport-backend-cct:3.1.8] AndroidManifest.xml:28:9-34:19
153            android:name="com.google.android.datatransport.runtime.backends.TransportBackendDiscovery"
153-->[com.google.android.datatransport:transport-backend-cct:3.1.8] AndroidManifest.xml:29:13-103
154            android:exported="false" >
154-->[com.google.android.datatransport:transport-backend-cct:3.1.8] AndroidManifest.xml:30:13-37
155            <meta-data
155-->[com.google.android.datatransport:transport-backend-cct:3.1.8] AndroidManifest.xml:31:13-33:39
156                android:name="backend:com.google.android.datatransport.cct.CctBackendFactory"
156-->[com.google.android.datatransport:transport-backend-cct:3.1.8] AndroidManifest.xml:32:17-94
157                android:value="cct" />
157-->[com.google.android.datatransport:transport-backend-cct:3.1.8] AndroidManifest.xml:33:17-36
158        </service>
159        <service
159-->[com.google.android.datatransport:transport-runtime:3.1.8] AndroidManifest.xml:26:9-30:19
160            android:name="com.google.android.datatransport.runtime.scheduling.jobscheduling.JobInfoSchedulerService"
160-->[com.google.android.datatransport:transport-runtime:3.1.8] AndroidManifest.xml:27:13-117
161            android:exported="false"
161-->[com.google.android.datatransport:transport-runtime:3.1.8] AndroidManifest.xml:28:13-37
162            android:permission="android.permission.BIND_JOB_SERVICE" >
162-->[com.google.android.datatransport:transport-runtime:3.1.8] AndroidManifest.xml:29:13-69
163        </service>
164
165        <receiver
165-->[com.google.android.datatransport:transport-runtime:3.1.8] AndroidManifest.xml:32:9-34:40
166            android:name="com.google.android.datatransport.runtime.scheduling.jobscheduling.AlarmManagerSchedulerBroadcastReceiver"
166-->[com.google.android.datatransport:transport-runtime:3.1.8] AndroidManifest.xml:33:13-132
167            android:exported="false" />
167-->[com.google.android.datatransport:transport-runtime:3.1.8] AndroidManifest.xml:34:13-37
168
169        <provider
169-->[com.google.firebase:firebase-common:20.3.2] AndroidManifest.xml:25:9-30:39
170            android:name="com.google.firebase.provider.FirebaseInitProvider"
170-->[com.google.firebase:firebase-common:20.3.2] AndroidManifest.xml:26:13-77
171            android:authorities="com.example.accesscall.firebaseinitprovider"
171-->[com.google.firebase:firebase-common:20.3.2] AndroidManifest.xml:27:13-72
172            android:directBootAware="true"
172-->[com.google.firebase:firebase-common:20.3.2] AndroidManifest.xml:28:13-43
173            android:exported="false"
173-->[com.google.firebase:firebase-common:20.3.2] AndroidManifest.xml:29:13-37
174            android:initOrder="100" />
174-->[com.google.firebase:firebase-common:20.3.2] AndroidManifest.xml:30:13-36
175
176        <activity
176-->[com.google.android.gms:play-services-base:18.0.1] AndroidManifest.xml:20:9-22:45
177            android:name="com.google.android.gms.common.api.GoogleApiActivity"
177-->[com.google.android.gms:play-services-base:18.0.1] AndroidManifest.xml:20:19-85
178            android:exported="false"
178-->[com.google.android.gms:play-services-base:18.0.1] AndroidManifest.xml:22:19-43
179            android:theme="@android:style/Theme.Translucent.NoTitleBar" />
179-->[com.google.android.gms:play-services-base:18.0.1] AndroidManifest.xml:21:19-78
180
181        <receiver
181-->[com.google.android.gms:play-services-measurement:21.2.2] AndroidManifest.xml:29:9-33:20
182            android:name="com.google.android.gms.measurement.AppMeasurementReceiver"
182-->[com.google.android.gms:play-services-measurement:21.2.2] AndroidManifest.xml:30:13-85
183            android:enabled="true"
183-->[com.google.android.gms:play-services-measurement:21.2.2] AndroidManifest.xml:31:13-35
184            android:exported="false" >
184-->[com.google.android.gms:play-services-measurement:21.2.2] AndroidManifest.xml:32:13-37
185        </receiver>
186
187        <service
187-->[com.google.android.gms:play-services-measurement:21.2.2] AndroidManifest.xml:35:9-38:40
188            android:name="com.google.android.gms.measurement.AppMeasurementService"
188-->[com.google.android.gms:play-services-measurement:21.2.2] AndroidManifest.xml:36:13-84
189            android:enabled="true"
189-->[com.google.android.gms:play-services-measurement:21.2.2] AndroidManifest.xml:37:13-35
190            android:exported="false" />
190-->[com.google.android.gms:play-services-measurement:21.2.2] AndroidManifest.xml:38:13-37
191        <service
191-->[com.google.android.gms:play-services-measurement:21.2.2] AndroidManifest.xml:39:9-43:72
192            android:name="com.google.android.gms.measurement.AppMeasurementJobService"
192-->[com.google.android.gms:play-services-measurement:21.2.2] AndroidManifest.xml:40:13-87
193            android:enabled="true"
193-->[com.google.android.gms:play-services-measurement:21.2.2] AndroidManifest.xml:41:13-35
194            android:exported="false"
194-->[com.google.android.gms:play-services-measurement:21.2.2] AndroidManifest.xml:42:13-37
195            android:permission="android.permission.BIND_JOB_SERVICE" />
195-->[com.google.android.gms:play-services-measurement:21.2.2] AndroidManifest.xml:43:13-69
196
197        <meta-data
197-->[com.google.android.gms:play-services-basement:18.1.0] AndroidManifest.xml:21:9-23:69
198            android:name="com.google.android.gms.version"
198-->[com.google.android.gms:play-services-basement:18.1.0] AndroidManifest.xml:22:13-58
199            android:value="@integer/google_play_services_version" />
199-->[com.google.android.gms:play-services-basement:18.1.0] AndroidManifest.xml:23:13-66
200
201        <provider
201-->[androidx.emoji2:emoji2:1.2.0] AndroidManifest.xml:24:9-32:20
202            android:name="androidx.startup.InitializationProvider"
202-->[androidx.emoji2:emoji2:1.2.0] AndroidManifest.xml:25:13-67
203            android:authorities="com.example.accesscall.androidx-startup"
203-->[androidx.emoji2:emoji2:1.2.0] AndroidManifest.xml:26:13-68
204            android:exported="false" >
204-->[androidx.emoji2:emoji2:1.2.0] AndroidManifest.xml:27:13-37
205            <meta-data
205-->[androidx.emoji2:emoji2:1.2.0] AndroidManifest.xml:29:13-31:52
206                android:name="androidx.emoji2.text.EmojiCompatInitializer"
206-->[androidx.emoji2:emoji2:1.2.0] AndroidManifest.xml:30:17-75
207                android:value="androidx.startup" />
207-->[androidx.emoji2:emoji2:1.2.0] AndroidManifest.xml:31:17-49
208            <meta-data
208-->[androidx.lifecycle:lifecycle-process:2.4.1] AndroidManifest.xml:31:13-33:52
209                android:name="androidx.lifecycle.ProcessLifecycleInitializer"
209-->[androidx.lifecycle:lifecycle-process:2.4.1] AndroidManifest.xml:32:17-78
210                android:value="androidx.startup" />
210-->[androidx.lifecycle:lifecycle-process:2.4.1] AndroidManifest.xml:33:17-49
211        </provider>
212    </application>
213
214</manifest>